<?xml version="1.0" ?>
<!DOCTYPE coverage SYSTEM "http://cobertura.sourceforge.net/xml/coverage-04.dtd">
<coverage lines-valid="440"  lines-covered="340"  line-rate="0.7726999999999999"  branches-valid="240"  branches-covered="161"  branch-rate="0.6708"  timestamp="1369570229540" complexity="0" version="0.1">
<sources />
<packages>
	<package name="src"  line-rate="0.7726999999999999"  branch-rate="0.6708" >
	<classes>
		<class name="cal-heatmap.js"  filename="/Users/klemm/Documents/workspace/cal-heatmap/src/cal-heatmap.js"  line-rate="0.7726999999999999"  branch-rate="0.6708" >
		<methods>
			<method name="(anonymous_1)"  hits="103"  signature="()V" >
				<lines><line number="1"  hits="103" /></lines>
			</method>
			<method name="(anonymous_2)"  hits="0"  signature="()V" >
				<lines><line number="131"  hits="0" /></lines>
			</method>
			<method name="(anonymous_3)"  hits="0"  signature="()V" >
				<lines><line number="134"  hits="0" /></lines>
			</method>
			<method name="(anonymous_4)"  hits="4"  signature="()V" >
				<lines><line number="143"  hits="4" /></lines>
			</method>
			<method name="(anonymous_5)"  hits="59298"  signature="()V" >
				<lines><line number="150"  hits="59298" /></lines>
			</method>
			<method name="(anonymous_6)"  hits="528"  signature="()V" >
				<lines><line number="151"  hits="528" /></lines>
			</method>
			<method name="(anonymous_7)"  hits="29460"  signature="()V" >
				<lines><line number="153"  hits="29460" /></lines>
			</method>
			<method name="(anonymous_8)"  hits="29460"  signature="()V" >
				<lines><line number="154"  hits="29460" /></lines>
			</method>
			<method name="(anonymous_9)"  hits="7"  signature="()V" >
				<lines><line number="161"  hits="7" /></lines>
			</method>
			<method name="(anonymous_10)"  hits="4308"  signature="()V" >
				<lines><line number="165"  hits="4308" /></lines>
			</method>
			<method name="(anonymous_11)"  hits="114"  signature="()V" >
				<lines><line number="166"  hits="114" /></lines>
			</method>
			<method name="(anonymous_12)"  hits="2112"  signature="()V" >
				<lines><line number="174"  hits="2112" /></lines>
			</method>
			<method name="(anonymous_13)"  hits="2112"  signature="()V" >
				<lines><line number="182"  hits="2112" /></lines>
			</method>
			<method name="(anonymous_14)"  hits="3"  signature="()V" >
				<lines><line number="189"  hits="3" /></lines>
			</method>
			<method name="(anonymous_15)"  hits="44"  signature="()V" >
				<lines><line number="196"  hits="44" /></lines>
			</method>
			<method name="(anonymous_16)"  hits="54"  signature="()V" >
				<lines><line number="197"  hits="54" /></lines>
			</method>
			<method name="(anonymous_17)"  hits="1206"  signature="()V" >
				<lines><line number="206"  hits="1206" /></lines>
			</method>
			<method name="(anonymous_18)"  hits="1206"  signature="()V" >
				<lines><line number="214"  hits="1206" /></lines>
			</method>
			<method name="(anonymous_19)"  hits="0"  signature="()V" >
				<lines><line number="221"  hits="0" /></lines>
			</method>
			<method name="(anonymous_20)"  hits="0"  signature="()V" >
				<lines><line number="225"  hits="0" /></lines>
			</method>
			<method name="(anonymous_21)"  hits="0"  signature="()V" >
				<lines><line number="232"  hits="0" /></lines>
			</method>
			<method name="(anonymous_22)"  hits="0"  signature="()V" >
				<lines><line number="236"  hits="0" /></lines>
			</method>
			<method name="(anonymous_23)"  hits="0"  signature="()V" >
				<lines><line number="237"  hits="0" /></lines>
			</method>
			<method name="(anonymous_24)"  hits="0"  signature="()V" >
				<lines><line number="251"  hits="0" /></lines>
			</method>
			<method name="(anonymous_25)"  hits="20"  signature="()V" >
				<lines><line number="255"  hits="20" /></lines>
			</method>
			<method name="(anonymous_26)"  hits="24"  signature="()V" >
				<lines><line number="256"  hits="24" /></lines>
			</method>
			<method name="(anonymous_27)"  hits="67"  signature="()V" >
				<lines><line number="265"  hits="67" /></lines>
			</method>
			<method name="(anonymous_28)"  hits="67"  signature="()V" >
				<lines><line number="271"  hits="67" /></lines>
			</method>
			<method name="(anonymous_29)"  hits="0"  signature="()V" >
				<lines><line number="280"  hits="0" /></lines>
			</method>
			<method name="(anonymous_30)"  hits="58"  signature="()V" >
				<lines><line number="284"  hits="58" /></lines>
			</method>
			<method name="(anonymous_31)"  hits="12"  signature="()V" >
				<lines><line number="285"  hits="12" /></lines>
			</method>
			<method name="(anonymous_32)"  hits="24"  signature="()V" >
				<lines><line number="287"  hits="24" /></lines>
			</method>
			<method name="(anonymous_33)"  hits="24"  signature="()V" >
				<lines><line number="288"  hits="24" /></lines>
			</method>
			<method name="(anonymous_34)"  hits="0"  signature="()V" >
				<lines><line number="295"  hits="0" /></lines>
			</method>
			<method name="(anonymous_35)"  hits="0"  signature="()V" >
				<lines><line number="299"  hits="0" /></lines>
			</method>
			<method name="(anonymous_36)"  hits="0"  signature="()V" >
				<lines><line number="300"  hits="0" /></lines>
			</method>
			<method name="(anonymous_37)"  hits="0"  signature="()V" >
				<lines><line number="302"  hits="0" /></lines>
			</method>
			<method name="(anonymous_38)"  hits="0"  signature="()V" >
				<lines><line number="303"  hits="0" /></lines>
			</method>
			<method name="(anonymous_39)"  hits="0"  signature="()V" >
				<lines><line number="310"  hits="0" /></lines>
			</method>
			<method name="(anonymous_40)"  hits="109"  signature="()V" >
				<lines><line number="332"  hits="109" /></lines>
			</method>
			<method name="(anonymous_41)"  hits="573"  signature="()V" >
				<lines><line number="340"  hits="573" /></lines>
			</method>
			<method name="(anonymous_42)"  hits="0"  signature="()V" >
				<lines><line number="348"  hits="0" /></lines>
			</method>
			<method name="(anonymous_43)"  hits="0"  signature="()V" >
				<lines><line number="356"  hits="0" /></lines>
			</method>
			<method name="(anonymous_44)"  hits="0"  signature="()V" >
				<lines><line number="393"  hits="0" /></lines>
			</method>
			<method name="(anonymous_45)"  hits="0"  signature="()V" >
				<lines><line number="414"  hits="0" /></lines>
			</method>
			<method name="(anonymous_46)"  hits="24"  signature="()V" >
				<lines><line number="434"  hits="24" /></lines>
			</method>
			<method name="(anonymous_47)"  hits="366"  signature="()V" >
				<lines><line number="444"  hits="366" /></lines>
			</method>
			<method name="(anonymous_48)"  hits="268"  signature="()V" >
				<lines><line number="449"  hits="268" /></lines>
			</method>
			<method name="(anonymous_49)"  hits="244"  signature="()V" >
				<lines><line number="456"  hits="244" /></lines>
			</method>
			<method name="(anonymous_50)"  hits="0"  signature="()V" >
				<lines><line number="464"  hits="0" /></lines>
			</method>
			<method name="(anonymous_51)"  hits="0"  signature="()V" >
				<lines><line number="472"  hits="0" /></lines>
			</method>
			<method name="(anonymous_52)"  hits="24"  signature="()V" >
				<lines><line number="482"  hits="24" /></lines>
			</method>
			<method name="(anonymous_53)"  hits="122"  signature="()V" >
				<lines><line number="484"  hits="122" /></lines>
			</method>
			<method name="(anonymous_54)"  hits="122"  signature="()V" >
				<lines><line number="493"  hits="122" /></lines>
			</method>
			<method name="(anonymous_55)"  hits="122"  signature="()V" >
				<lines><line number="511"  hits="122" /></lines>
			</method>
			<method name="(anonymous_56)"  hits="122"  signature="()V" >
				<lines><line number="512"  hits="122" /></lines>
			</method>
			<method name="(anonymous_57)"  hits="122"  signature="()V" >
				<lines><line number="518"  hits="122" /></lines>
			</method>
			<method name="(anonymous_58)"  hits="122"  signature="()V" >
				<lines><line number="522"  hits="122" /></lines>
			</method>
			<method name="(anonymous_59)"  hits="122"  signature="()V" >
				<lines><line number="523"  hits="122" /></lines>
			</method>
			<method name="(anonymous_60)"  hits="122"  signature="()V" >
				<lines><line number="527"  hits="122" /></lines>
			</method>
			<method name="(anonymous_61)"  hits="122"  signature="()V" >
				<lines><line number="532"  hits="122" /></lines>
			</method>
			<method name="(anonymous_62)"  hits="32869"  signature="()V" >
				<lines><line number="537"  hits="32869" /></lines>
			</method>
			<method name="(anonymous_63)"  hits="32869"  signature="()V" >
				<lines><line number="538"  hits="32869" /></lines>
			</method>
			<method name="radius"  hits="24"  signature="()V" >
				<lines><line number="542"  hits="24" /></lines>
			</method>
			<method name="(anonymous_65)"  hits="32869"  signature="()V" >
				<lines><line number="552"  hits="32869" /></lines>
			</method>
			<method name="(anonymous_66)"  hits="122"  signature="()V" >
				<lines><line number="576"  hits="122" /></lines>
			</method>
			<method name="(anonymous_67)"  hits="0"  signature="()V" >
				<lines><line number="580"  hits="0" /></lines>
			</method>
			<method name="(anonymous_68)"  hits="122"  signature="()V" >
				<lines><line number="584"  hits="122" /></lines>
			</method>
			<method name="(anonymous_69)"  hits="0"  signature="()V" >
				<lines><line number="587"  hits="0" /></lines>
			</method>
			<method name="(anonymous_70)"  hits="0"  signature="()V" >
				<lines><line number="611"  hits="0" /></lines>
			</method>
			<method name="(anonymous_71)"  hits="115"  signature="()V" >
				<lines><line number="616"  hits="115" /></lines>
			</method>
			<method name="(anonymous_72)"  hits="3"  signature="()V" >
				<lines><line number="669"  hits="3" /></lines>
			</method>
			<method name="(anonymous_73)"  hits="3"  signature="()V" >
				<lines><line number="681"  hits="3" /></lines>
			</method>
			<method name="(anonymous_74)"  hits="4"  signature="()V" >
				<lines><line number="693"  hits="4" /></lines>
			</method>
			<method name="(anonymous_75)"  hits="2"  signature="()V" >
				<lines><line number="707"  hits="2" /></lines>
			</method>
			<method name="(anonymous_76)"  hits="2"  signature="()V" >
				<lines><line number="722"  hits="2" /></lines>
			</method>
			<method name="(anonymous_77)"  hits="23"  signature="()V" >
				<lines><line number="738"  hits="23" /></lines>
			</method>
			<method name="(anonymous_78)"  hits="115"  signature="()V" >
				<lines><line number="753"  hits="115" /></lines>
			</method>
			<method name="(anonymous_79)"  hits="115"  signature="()V" >
				<lines><line number="754"  hits="115" /></lines>
			</method>
			<method name="(anonymous_80)"  hits="115"  signature="()V" >
				<lines><line number="758"  hits="115" /></lines>
			</method>
			<method name="(anonymous_81)"  hits="115"  signature="()V" >
				<lines><line number="762"  hits="115" /></lines>
			</method>
			<method name="(anonymous_82)"  hits="1"  signature="()V" >
				<lines><line number="791"  hits="1" /></lines>
			</method>
			<method name="(anonymous_83)"  hits="12"  signature="()V" >
				<lines><line number="793"  hits="12" /></lines>
			</method>
			<method name="(anonymous_84)"  hits="0"  signature="()V" >
				<lines><line number="797"  hits="0" /></lines>
			</method>
			<method name="(anonymous_85)"  hits="0"  signature="()V" >
				<lines><line number="822"  hits="0" /></lines>
			</method>
			<method name="(anonymous_86)"  hits="0"  signature="()V" >
				<lines><line number="832"  hits="0" /></lines>
			</method>
			<method name="(anonymous_87)"  hits="0"  signature="()V" >
				<lines><line number="859"  hits="0" /></lines>
			</method>
			<method name="(anonymous_88)"  hits="32869"  signature="()V" >
				<lines><line number="879"  hits="32869" /></lines>
			</method>
			<method name="(anonymous_89)"  hits="32869"  signature="()V" >
				<lines><line number="884"  hits="32869" /></lines>
			</method>
			<method name="(anonymous_90)"  hits="1437"  signature="()V" >
				<lines><line number="905"  hits="1437" /></lines>
			</method>
			<method name="(anonymous_91)"  hits="1544"  signature="()V" >
				<lines><line number="911"  hits="1544" /></lines>
			</method>
			<method name="(anonymous_92)"  hits="14"  signature="()V" >
				<lines><line number="927"  hits="14" /></lines>
			</method>
			<method name="(anonymous_93)"  hits="39"  signature="()V" >
				<lines><line number="939"  hits="39" /></lines>
			</method>
			<method name="(anonymous_94)"  hits="26"  signature="()V" >
				<lines><line number="965"  hits="26" /></lines>
			</method>
			<method name="(anonymous_95)"  hits="93"  signature="()V" >
				<lines><line number="977"  hits="93" /></lines>
			</method>
			<method name="(anonymous_96)"  hits="177"  signature="()V" >
				<lines><line number="989"  hits="177" /></lines>
			</method>
			<method name="(anonymous_97)"  hits="46"  signature="()V" >
				<lines><line number="1005"  hits="46" /></lines>
			</method>
			<method name="(anonymous_98)"  hits="29"  signature="()V" >
				<lines><line number="1018"  hits="29" /></lines>
			</method>
			<method name="(anonymous_99)"  hits="279"  signature="()V" >
				<lines><line number="1026"  hits="279" /></lines>
			</method>
			<method name="(anonymous_100)"  hits="131"  signature="()V" >
				<lines><line number="1045"  hits="131" /></lines>
			</method>
			<method name="(anonymous_101)"  hits="10"  signature="()V" >
				<lines><line number="1052"  hits="10" /></lines>
			</method>
			<method name="(anonymous_102)"  hits="93"  signature="()V" >
				<lines><line number="1063"  hits="93" /></lines>
			</method>
			<method name="(anonymous_103)"  hits="21"  signature="()V" >
				<lines><line number="1072"  hits="21" /></lines>
			</method>
			<method name="(anonymous_104)"  hits="4"  signature="()V" >
				<lines><line number="1083"  hits="4" /></lines>
			</method>
			<method name="(anonymous_105)"  hits="1"  signature="()V" >
				<lines><line number="1111"  hits="1" /></lines>
			</method>
			<method name="(anonymous_106)"  hits="1"  signature="()V" >
				<lines><line number="1115"  hits="1" /></lines>
			</method>
			<method name="(anonymous_107)"  hits="40"  signature="()V" >
				<lines><line number="1125"  hits="40" /></lines>
			</method>
			<method name="(anonymous_108)"  hits="2"  signature="()V" >
				<lines><line number="1155"  hits="2" /></lines>
			</method>
			<method name="(anonymous_109)"  hits="5"  signature="()V" >
				<lines><line number="1166"  hits="5" /></lines>
			</method>
			<method name="(anonymous_110)"  hits="0"  signature="()V" >
				<lines><line number="1179"  hits="0" /></lines>
			</method>
			<method name="(anonymous_111)"  hits="6"  signature="()V" >
				<lines><line number="1212"  hits="6" /></lines>
			</method>
			<method name="(anonymous_112)"  hits="4"  signature="()V" >
				<lines><line number="1246"  hits="4" /></lines>
			</method>
			<method name="(anonymous_113)"  hits="115"  signature="()V" >
				<lines><line number="1264"  hits="115" /></lines>
			</method>
			<method name="(anonymous_114)"  hits="0"  signature="()V" >
				<lines><line number="1277"  hits="0" /></lines>
			</method>
		</methods>
		<lines>
			<line number="1"  hits="1"  branch="false" />
			<line number="3"  hits="103"  branch="false" />
			<line number="5"  hits="103"  branch="false" />
			<line number="7"  hits="103"  branch="false" />
			<line number="10"  hits="103"  branch="false" />
			<line number="143"  hits="4"  branch="false" />
			<line number="148"  hits="103"  branch="false" />
			<line number="150"  hits="59298"  branch="false" />
			<line number="151"  hits="528"  branch="false" />
			<line number="153"  hits="29460"  branch="false" />
			<line number="154"  hits="29460"  branch="false" />
			<line number="161"  hits="7"  branch="false" />
			<line number="165"  hits="4308"  branch="false" />
			<line number="167"  hits="114"  branch="true"  condition-coverage="100% (3/3)" />
			<line number="168"  hits="90"  branch="false" />
			<line number="169"  hits="12"  branch="false" />
			<line number="170"  hits="12"  branch="false" />
			<line number="175"  hits="2112"  branch="true"  condition-coverage="100% (2/2)" />
			<line number="176"  hits="1416"  branch="false" />
			<line number="177"  hits="696"  branch="true"  condition-coverage="100% (2/2)" />
			<line number="178"  hits="336"  branch="false" />
			<line number="180"  hits="360"  branch="false" />
			<line number="182"  hits="2112"  branch="false" />
			<line number="190"  hits="3"  branch="false" />
			<line number="191"  hits="3"  branch="false" />
			<line number="196"  hits="44"  branch="false" />
			<line number="198"  hits="54"  branch="false" />
			<line number="199"  hits="54"  branch="true"  condition-coverage="100% (3/3)" />
			<line number="200"  hits="18"  branch="false" />
			<line number="201"  hits="18"  branch="false" />
			<line number="202"  hits="18"  branch="false" />
			<line number="207"  hits="1206"  branch="true"  condition-coverage="100% (3/3)" />
			<line number="208"  hits="21"  branch="false" />
			<line number="210"  hits="90"  branch="false" />
			<line number="211"  hits="1095"  branch="false" />
			<line number="214"  hits="1206"  branch="false" />
			<line number="221"  hits="0"  branch="false" />
			<line number="226"  hits="0"  branch="true"  condition-coverage="0% (0/3)" />
			<line number="227"  hits="0"  branch="false" />
			<line number="228"  hits="0"  branch="false" />
			<line number="229"  hits="0"  branch="false" />
			<line number="233"  hits="0"  branch="false" />
			<line number="236"  hits="0"  branch="false" />
			<line number="238"  hits="0"  branch="true"  condition-coverage="0% (0/3)" />
			<line number="239"  hits="0"  branch="false" />
			<line number="241"  hits="0"  branch="false" />
			<line number="242"  hits="0"  branch="false" />
			<line number="251"  hits="0"  branch="false" />
			<line number="255"  hits="20"  branch="false" />
			<line number="257"  hits="24"  branch="false" />
			<line number="258"  hits="24"  branch="true"  condition-coverage="100% (2/2)" />
			<line number="259"  hits="6"  branch="false" />
			<line number="260"  hits="18"  branch="false" />
			<line number="262"  hits="0"  branch="false" />
			<line number="266"  hits="67"  branch="true"  condition-coverage="100% (2/2)" />
			<line number="267"  hits="52"  branch="false" />
			<line number="268"  hits="15"  branch="false" />
			<line number="272"  hits="67"  branch="false" />
			<line number="280"  hits="0"  branch="false" />
			<line number="284"  hits="58"  branch="false" />
			<line number="285"  hits="12"  branch="false" />
			<line number="287"  hits="24"  branch="false" />
			<line number="288"  hits="24"  branch="false" />
			<line number="295"  hits="0"  branch="false" />
			<line number="299"  hits="0"  branch="false" />
			<line number="300"  hits="0"  branch="false" />
			<line number="302"  hits="0"  branch="false" />
			<line number="303"  hits="0"  branch="false" />
			<line number="310"  hits="0"  branch="false" />
			<line number="314"  hits="103"  branch="false" />
			<line number="316"  hits="103"  branch="false" />
			<line number="320"  hits="103"  branch="false" />
			<line number="323"  hits="103"  branch="false" />
			<line number="326"  hits="103"  branch="false" />
			<line number="332"  hits="103"  branch="false" />
			<line number="334"  hits="109"  branch="true"  condition-coverage="100% (2/2)" />
			<line number="335"  hits="1"  branch="false" />
			<line number="337"  hits="108"  branch="false" />
			<line number="340"  hits="573"  branch="false" />
			<line number="342"  hits="109"  branch="true"  condition-coverage="100% (2/2)" />
			<line number="343"  hits="1"  branch="false" />
			<line number="348"  hits="0"  branch="false" />
			<line number="351"  hits="1"  branch="false" />
			<line number="356"  hits="0"  branch="false" />
			<line number="360"  hits="109"  branch="false" />
			<line number="364"  hits="109"  branch="true"  condition-coverage="100% (2/2)" />
			<line number="365"  hits="24"  branch="false" />
			<line number="368"  hits="24"  branch="true"  condition-coverage="100% (2/2)" />
			<line number="369"  hits="23"  branch="false" />
			<line number="372"  hits="24"  branch="true"  condition-coverage="100% (2/2)" />
			<line number="373"  hits="1"  branch="false" />
			<line number="377"  hits="24"  branch="true"  condition-coverage="50% (1/2)" />
			<line number="378"  hits="0"  branch="false" />
			<line number="385"  hits="24"  branch="true"  condition-coverage="100% (2/2)" />
			<line number="386"  hits="2"  branch="false" />
			<line number="390"  hits="109"  branch="false" />
			<line number="393"  hits="103"  branch="false" />
			<line number="394"  hits="0"  branch="true"  condition-coverage="0% (0/2)" />
			<line number="395"  hits="0"  branch="false" />
			<line number="398"  hits="0"  branch="false" />
			<line number="399"  hits="0"  branch="false" />
			<line number="401"  hits="0"  branch="false" />
			<line number="403"  hits="0"  branch="false" />
			<line number="410"  hits="0"  branch="false" />
			<line number="414"  hits="103"  branch="false" />
			<line number="415"  hits="0"  branch="true"  condition-coverage="0% (0/2)" />
			<line number="416"  hits="0"  branch="false" />
			<line number="419"  hits="0"  branch="false" />
			<line number="420"  hits="0"  branch="false" />
			<line number="422"  hits="0"  branch="false" />
			<line number="424"  hits="0"  branch="false" />
			<line number="431"  hits="0"  branch="false" />
			<line number="434"  hits="103"  branch="false" />
			<line number="436"  hits="24"  branch="true"  condition-coverage="50% (1/2)" />
			<line number="437"  hits="24"  branch="false" />
			<line number="440"  hits="24"  branch="false" />
			<line number="444"  hits="24"  branch="false" />
			<line number="445"  hits="366"  branch="false" />
			<line number="449"  hits="24"  branch="false" />
			<line number="450"  hits="268"  branch="false" />
			<line number="454"  hits="24"  branch="false" />
			<line number="456"  hits="24"  branch="false" />
			<line number="457"  hits="244"  branch="true"  condition-coverage="50% (1/2)" />
			<line number="458"  hits="244"  branch="false" />
			<line number="460"  hits="0"  branch="true"  condition-coverage="0% (0/2)" />
			<line number="464"  hits="24"  branch="false" />
			<line number="465"  hits="0"  branch="true"  condition-coverage="0% (0/2)" />
			<line number="466"  hits="0"  branch="false" />
			<line number="468"  hits="0"  branch="false" />
			<line number="472"  hits="24"  branch="false" />
			<line number="473"  hits="0"  branch="true"  condition-coverage="0% (0/2)" />
			<line number="474"  hits="0"  branch="false" />
			<line number="476"  hits="0"  branch="false" />
			<line number="481"  hits="24"  branch="false" />
			<line number="482"  hits="24"  branch="false" />
			<line number="484"  hits="122"  branch="false" />
			<line number="486"  hits="24"  branch="false" />
			<line number="487"  hits="24"  branch="false" />
			<line number="490"  hits="24"  branch="false" />
			<line number="494"  hits="122"  branch="false" />
			<line number="496"  hits="122"  branch="false" />
			<line number="498"  hits="122"  branch="true"  condition-coverage="50% (1/2)" />
			<line number="499"  hits="122"  branch="false" />
			<line number="501"  hits="0"  branch="true"  condition-coverage="0% (0/2)" />
			<line number="502"  hits="0"  branch="false" />
			<line number="504"  hits="0"  branch="false" />
			<line number="509"  hits="122"  branch="false" />
			<line number="511"  hits="122"  branch="false" />
			<line number="512"  hits="122"  branch="false" />
			<line number="517"  hits="24"  branch="false" />
			<line number="518"  hits="122"  branch="false" />
			<line number="520"  hits="24"  branch="false" />
			<line number="522"  hits="122"  branch="false" />
			<line number="523"  hits="122"  branch="false" />
			<line number="527"  hits="122"  branch="false" />
			<line number="531"  hits="24"  branch="false" />
			<line number="532"  hits="122"  branch="false" />
			<line number="537"  hits="32869"  branch="false" />
			<line number="538"  hits="32869"  branch="false" />
			<line number="542"  hits="24"  branch="false" />
			<line number="543"  hits="24"  branch="true"  condition-coverage="100% (2/2)" />
			<line number="544"  hits="1"  branch="false" />
			<line number="552"  hits="32869"  branch="false" />
			<line number="555"  hits="24"  branch="true"  condition-coverage="50% (1/2)" />
			<line number="557"  hits="24"  branch="true"  condition-coverage="50% (1/2)" />
			<line number="558"  hits="0"  branch="false" />
			<line number="559"  hits="0"  branch="false" />
			<line number="560"  hits="0"  branch="true"  condition-coverage="0% (0/2)" />
			<line number="561"  hits="0"  branch="false" />
			<line number="562"  hits="0"  branch="true"  condition-coverage="0% (0/2)" />
			<line number="563"  hits="0"  branch="false" />
			<line number="566"  hits="0"  branch="false" />
			<line number="568"  hits="0"  branch="true"  condition-coverage="0% (0/2)" />
			<line number="569"  hits="0"  branch="false" />
			<line number="571"  hits="0"  branch="false" />
			<line number="575"  hits="24"  branch="false" />
			<line number="576"  hits="122"  branch="false" />
			<line number="579"  hits="24"  branch="false" />
			<line number="580"  hits="0"  branch="false" />
			<line number="583"  hits="24"  branch="false" />
			<line number="584"  hits="122"  branch="false" />
			<line number="586"  hits="24"  branch="false" />
			<line number="587"  hits="0"  branch="false" />
			<line number="590"  hits="24"  branch="true"  condition-coverage="50% (1/2)" />
			<line number="591"  hits="24"  branch="false" />
			<line number="592"  hits="24"  branch="false" />
			<line number="593"  hits="0"  branch="true"  condition-coverage="0% (0/2)" />
			<line number="595"  hits="0"  branch="false" />
			<line number="598"  hits="0"  branch="true"  condition-coverage="0% (0/2)" />
			<line number="599"  hits="0"  branch="false" />
			<line number="600"  hits="0"  branch="false" />
			<line number="607"  hits="24"  branch="true"  condition-coverage="50% (1/2)" />
			<line number="608"  hits="24"  branch="false" />
			<line number="610"  hits="0"  branch="false" />
			<line number="611"  hits="0"  branch="false" />
			<line number="616"  hits="103"  branch="false" />
			<line number="619"  hits="115"  branch="true"  condition-coverage="80% (4/5)" />
			<line number="620"  hits="115"  branch="false" />
			<line number="621"  hits="3450"  branch="true"  condition-coverage="100% (5/5)" />
			<line number="624"  hits="580"  branch="false" />
			<line number="629"  hits="115"  branch="true"  condition-coverage="100% (4/4)" />
			<line number="630"  hits="3"  branch="false" />
			<line number="631"  hits="3"  branch="false" />
			<line number="634"  hits="112"  branch="true"  condition-coverage="100% (2/2)" />
			<line number="635"  hits="3"  branch="false" />
			<line number="636"  hits="3"  branch="false" />
			<line number="639"  hits="109"  branch="false" />
			<line number="641"  hits="109"  branch="true"  condition-coverage="100% (2/2)" />
			<line number="642"  hits="100"  branch="false" />
			<line number="645"  hits="109"  branch="true"  condition-coverage="100% (2/2)" />
			<line number="646"  hits="100"  branch="false" />
			<line number="649"  hits="109"  branch="false" />
			<line number="657"  hits="1"  branch="false" />
			<line number="670"  hits="3"  branch="true"  condition-coverage="100% (2/2)" />
			<line number="671"  hits="1"  branch="false" />
			<line number="673"  hits="2"  branch="false" />
			<line number="674"  hits="2"  branch="false" />
			<line number="682"  hits="3"  branch="true"  condition-coverage="100% (2/2)" />
			<line number="683"  hits="1"  branch="false" />
			<line number="685"  hits="2"  branch="false" />
			<line number="686"  hits="2"  branch="false" />
			<line number="694"  hits="4"  branch="true"  condition-coverage="100% (2/2)" />
			<line number="695"  hits="2"  branch="false" />
			<line number="697"  hits="2"  branch="false" />
			<line number="698"  hits="2"  branch="false" />
			<line number="708"  hits="2"  branch="true"  condition-coverage="100% (2/2)" />
			<line number="709"  hits="1"  branch="false" />
			<line number="710"  hits="1"  branch="false" />
			<line number="712"  hits="1"  branch="false" />
			<line number="713"  hits="1"  branch="false" />
			<line number="723"  hits="2"  branch="true"  condition-coverage="100% (2/2)" />
			<line number="724"  hits="1"  branch="false" />
			<line number="725"  hits="1"  branch="false" />
			<line number="727"  hits="1"  branch="false" />
			<line number="728"  hits="1"  branch="false" />
			<line number="740"  hits="23"  branch="false" />
			<line number="742"  hits="23"  branch="false" />
			<line number="748"  hits="23"  branch="false" />
			<line number="753"  hits="115"  branch="false" />
			<line number="754"  hits="115"  branch="false" />
			<line number="758"  hits="115"  branch="false" />
			<line number="760"  hits="23"  branch="false" />
			<line number="763"  hits="115"  branch="false" />
			<line number="764"  hits="115"  branch="true"  condition-coverage="100% (2/2)" />
			<line number="765"  hits="23"  branch="false" />
			<line number="768"  hits="92"  branch="true"  condition-coverage="100% (2/2)" />
			<line number="769"  hits="23"  branch="false" />
			<line number="773"  hits="69"  branch="false" />
			<line number="792"  hits="1"  branch="false" />
			<line number="793"  hits="1"  branch="false" />
			<line number="795"  hits="12"  branch="true"  condition-coverage="50% (1/2)" />
			<line number="796"  hits="0"  branch="false" />
			<line number="798"  hits="0"  branch="false" />
			<line number="800"  hits="0"  branch="false" />
			<line number="805"  hits="0"  branch="true"  condition-coverage="0% (0/2)" />
			<line number="806"  hits="0"  branch="false" />
			<line number="812"  hits="0"  branch="true"  condition-coverage="0% (0/5)" />
			<line number="814"  hits="0"  branch="true"  condition-coverage="0% (0/2)" />
			<line number="816"  hits="0"  branch="false" />
			<line number="820"  hits="0"  branch="false" />
			<line number="823"  hits="0"  branch="true"  condition-coverage="0% (0/2)" />
			<line number="824"  hits="0"  branch="false" />
			<line number="825"  hits="0"  branch="false" />
			<line number="833"  hits="0"  branch="false" />
			<line number="835"  hits="0"  branch="false" />
			<line number="851"  hits="1"  branch="false" />
			<line number="860"  hits="0"  branch="false" />
			<line number="861"  hits="0"  branch="false" />
			<line number="862"  hits="0"  branch="false" />
			<line number="863"  hits="0"  branch="false" />
			<line number="864"  hits="0"  branch="false" />
			<line number="866"  hits="0"  branch="true"  condition-coverage="0% (0/5)" />
			<line number="869"  hits="0"  branch="false" />
			<line number="872"  hits="0"  branch="false" />
			<line number="880"  hits="32869"  branch="false" />
			<line number="881"  hits="32869"  branch="false" />
			<line number="885"  hits="32869"  branch="false" />
			<line number="886"  hits="32869"  branch="false" />
			<line number="906"  hits="1437"  branch="true"  condition-coverage="50% (1/2)" />
			<line number="907"  hits="1437"  branch="false" />
			<line number="912"  hits="1544"  branch="true"  condition-coverage="100% (2/2)" />
			<line number="913"  hits="1"  branch="false" />
			<line number="915"  hits="1543"  branch="true"  condition-coverage="100% (2/2)" />
			<line number="916"  hits="220"  branch="false" />
			<line number="918"  hits="1323"  branch="false" />
			<line number="928"  hits="14"  branch="true"  condition-coverage="100% (2/2)" />
			<line number="929"  hits="13"  branch="false" />
			<line number="931"  hits="14"  branch="false" />
			<line number="940"  hits="39"  branch="false" />
			<line number="942"  hits="39"  branch="true"  condition-coverage="100% (2/2)" />
			<line number="943"  hits="3"  branch="false" />
			<line number="945"  hits="36"  branch="true"  condition-coverage="100% (2/2)" />
			<line number="946"  hits="6"  branch="false" />
			<line number="947"  hits="30"  branch="true"  condition-coverage="100% (2/2)" />
			<line number="948"  hits="5"  branch="false" />
			<line number="949"  hits="5"  branch="false" />
			<line number="951"  hits="25"  branch="false" />
			<line number="955"  hits="39"  branch="false" />
			<line number="957"  hits="39"  branch="false" />
			<line number="959"  hits="39"  branch="true"  condition-coverage="100% (2/2)" />
			<line number="966"  hits="26"  branch="false" />
			<line number="967"  hits="26"  branch="false" />
			<line number="969"  hits="26"  branch="false" />
			<line number="978"  hits="93"  branch="false" />
			<line number="979"  hits="93"  branch="false" />
			<line number="981"  hits="93"  branch="false" />
			<line number="990"  hits="177"  branch="false" />
			<line number="991"  hits="177"  branch="false" />
			<line number="992"  hits="177"  branch="true"  condition-coverage="50% (1/2)" />
			<line number="993"  hits="177"  branch="false" />
			<line number="996"  hits="177"  branch="false" />
			<line number="1006"  hits="46"  branch="false" />
			<line number="1007"  hits="46"  branch="false" />
			<line number="1008"  hits="46"  branch="false" />
			<line number="1010"  hits="46"  branch="false" />
			<line number="1019"  hits="29"  branch="false" />
			<line number="1020"  hits="29"  branch="false" />
			<line number="1021"  hits="29"  branch="false" />
			<line number="1023"  hits="29"  branch="false" />
			<line number="1027"  hits="279"  branch="true"  condition-coverage="100% (2/2)" />
			<line number="1028"  hits="9"  branch="false" />
			<line number="1031"  hits="279"  branch="true"  condition-coverage="100% (2/2)" />
			<line number="1032"  hits="277"  branch="false" />
			<line number="1035"  hits="279"  branch="true"  condition-coverage="100% (6/6)" />
			<line number="1036"  hits="156"  branch="false" />
			<line number="1038"  hits="36"  branch="false" />
			<line number="1039"  hits="35"  branch="false" />
			<line number="1040"  hits="26"  branch="false" />
			<line number="1041"  hits="26"  branch="false" />
			<line number="1046"  hits="131"  branch="true"  condition-coverage="100% (2/2)" />
			<line number="1047"  hits="122"  branch="false" />
			<line number="1050"  hits="131"  branch="false" />
			<line number="1052"  hits="131"  branch="false" />
			<line number="1053"  hits="10"  branch="true"  condition-coverage="100% (2/2)" />
			<line number="1054"  hits="3"  branch="false" />
			<line number="1055"  hits="7"  branch="true"  condition-coverage="100% (2/2)" />
			<line number="1056"  hits="4"  branch="false" />
			<line number="1057"  hits="4"  branch="false" />
			<line number="1058"  hits="3"  branch="true"  condition-coverage="50% (1/2)" />
			<line number="1059"  hits="3"  branch="false" />
			<line number="1063"  hits="131"  branch="false" />
			<line number="1064"  hits="93"  branch="true"  condition-coverage="75% (3/4)" />
			<line number="1065"  hits="87"  branch="false" />
			<line number="1067"  hits="4"  branch="false" />
			<line number="1068"  hits="2"  branch="false" />
			<line number="1072"  hits="131"  branch="false" />
			<line number="1073"  hits="21"  branch="true"  condition-coverage="100% (4/4)" />
			<line number="1074"  hits="17"  branch="false" />
			<line number="1075"  hits="4"  branch="true"  condition-coverage="100% (2/2)" />
			<line number="1076"  hits="2"  branch="false" />
			<line number="1077"  hits="2"  branch="true"  condition-coverage="50% (1/2)" />
			<line number="1078"  hits="2"  branch="false" />
			<line number="1079"  hits="2"  branch="false" />
			<line number="1083"  hits="131"  branch="false" />
			<line number="1084"  hits="4"  branch="true"  condition-coverage="100% (2/2)" />
			<line number="1085"  hits="3"  branch="false" />
			<line number="1086"  hits="3"  branch="false" />
			<line number="1087"  hits="3"  branch="false" />
			<line number="1089"  hits="3"  branch="true"  condition-coverage="50% (1/2)" />
			<line number="1090"  hits="0"  branch="false" />
			<line number="1091"  hits="0"  branch="false" />
			<line number="1094"  hits="3"  branch="false" />
			<line number="1095"  hits="1"  branch="true"  condition-coverage="50% (1/2)" />
			<line number="1096"  hits="1"  branch="false" />
			<line number="1101"  hits="131"  branch="true"  condition-coverage="83.33333333333334% (5/6)" />
			<line number="1102"  hits="93"  branch="false" />
			<line number="1103"  hits="21"  branch="false" />
			<line number="1105"  hits="10"  branch="false" />
			<line number="1106"  hits="4"  branch="false" />
			<line number="1107"  hits="3"  branch="false" />
			<line number="1112"  hits="1"  branch="false" />
			<line number="1116"  hits="1"  branch="false" />
			<line number="1127"  hits="40"  branch="true"  condition-coverage="100% (2/2)" />
			<line number="1128"  hits="2"  branch="false" />
			<line number="1129"  hits="38"  branch="true"  condition-coverage="100% (2/2)" />
			<line number="1130"  hits="1"  branch="false" />
			<line number="1133"  hits="37"  branch="false" />
			<line number="1135"  hits="77"  branch="true"  condition-coverage="100% (4/4)" />
			<line number="1136"  hits="5"  branch="false" />
			<line number="1137"  hits="72"  branch="true"  condition-coverage="100% (4/4)" />
			<line number="1138"  hits="1"  branch="false" />
			<line number="1141"  hits="71"  branch="true"  condition-coverage="100% (2/2)" />
			<line number="1142"  hits="29"  branch="false" />
			<line number="1145"  hits="2"  branch="false" />
			<line number="1156"  hits="2"  branch="true"  condition-coverage="100% (4/4)" />
			<line number="1157"  hits="1"  branch="true"  condition-coverage="50% (2/4)" />
			<line number="1158"  hits="0"  branch="false" />
			<line number="1159"  hits="0"  branch="false" />
			<line number="1161"  hits="1"  branch="false" />
			<line number="1163"  hits="1"  branch="false" />
			<line number="1167"  hits="5"  branch="false" />
			<line number="1169"  hits="5"  branch="true"  condition-coverage="50% (1/2)" />
			<line number="1170"  hits="5"  branch="false" />
			<line number="1173"  hits="5"  branch="true"  condition-coverage="100% (2/2)" />
			<line number="1175"  hits="2"  branch="true"  condition-coverage="100% (2/2)" />
			<line number="1176"  hits="1"  branch="false" />
			<line number="1179"  hits="1"  branch="false" />
			<line number="1180"  hits="0"  branch="false" />
			<line number="1183"  hits="1"  branch="true"  condition-coverage="33.33333333333333% (1/3)" />
			<line number="1185"  hits="1"  branch="false" />
			<line number="1186"  hits="1"  branch="false" />
			<line number="1188"  hits="0"  branch="false" />
			<line number="1189"  hits="0"  branch="false" />
			<line number="1191"  hits="0"  branch="false" />
			<line number="1192"  hits="0"  branch="false" />
			<line number="1195"  hits="1"  branch="false" />
			<line number="1197"  hits="0"  branch="false" />
			<line number="1200"  hits="1"  branch="false" />
			<line number="1203"  hits="2"  branch="false" />
			<line number="1213"  hits="6"  branch="false" />
			<line number="1215"  hits="6"  branch="true"  condition-coverage="100% (2/2)" />
			<line number="1216"  hits="5"  branch="false" />
			<line number="1218"  hits="1"  branch="false" />
			<line number="1219"  hits="1"  branch="false" />
			<line number="1222"  hits="5"  branch="false" />
			<line number="1223"  hits="15"  branch="false" />
			<line number="1224"  hits="15"  branch="false" />
			<line number="1227"  hits="15"  branch="true"  condition-coverage="100% (2/2)" />
			<line number="1228"  hits="5"  branch="false" />
			<line number="1231"  hits="10"  branch="false" />
			<line number="1232"  hits="10"  branch="true"  condition-coverage="100% (2/2)" />
			<line number="1233"  hits="5"  branch="false" />
			<line number="1236"  hits="10"  branch="true"  condition-coverage="100% (2/2)" />
			<line number="1237"  hits="1"  branch="false" />
			<line number="1239"  hits="9"  branch="false" />
			<line number="1243"  hits="5"  branch="false" />
			<line number="1248"  hits="4"  branch="false" />
			<line number="1249"  hits="4"  branch="false" />
			<line number="1252"  hits="4"  branch="false" />
			<line number="1253"  hits="4"  branch="false" />
			<line number="1255"  hits="4"  branch="false" />
			<line number="1264"  hits="1"  branch="false" />
			<line number="1265"  hits="115"  branch="false" />
			<line number="1266"  hits="115"  branch="false" />
			<line number="1267"  hits="299"  branch="false" />
			<line number="1268"  hits="299"  branch="false" />
			<line number="1270"  hits="115"  branch="false" />
			<line number="1276"  hits="1"  branch="true"  condition-coverage="50% (2/4)" />
			<line number="1277"  hits="0"  branch="false" />
			<line number="1278"  hits="0"  branch="false" />
		</lines>
		</class>
	</classes>
	</package>
</packages>
</coverage>
